<?xml version="1.0" encoding="UTF-8"?>
<!-- Generated by org.testng.reporters.JUnitXMLReporter -->
<testsuite ignored="0" hostname="DESKTOP-A0LIA42" failures="1" tests="1" name="Error Validation Test" time="18.708" errors="0" timestamp="2025-02-06T23:25:10 IST">
  <testcase classname="ATC.tests.ErrorValidationsTest" name="loginValidations" time="2.328">
    <failure type="java.lang.AssertionError" message="expected [Invalid Email Or Password] but found [Invalid Email Password]">
      <![CDATA[java.lang.AssertionError: expected [Invalid Email Or Password] but found [Invalid Email Password]
at ATC.tests.ErrorValidationsTest.loginValidations(ErrorValidationsTest.java:17)
at java.base/java.util.ArrayList.forEach(ArrayList.java:1511)
at java.base/java.util.concurrent.FutureTask.run(FutureTask.java:317)
at java.base/java.util.concurrent.ThreadPoolExecutor.runWorker(ThreadPoolExecutor.java:1144)
at java.base/java.util.concurrent.ThreadPoolExecutor$Worker.run(ThreadPoolExecutor.java:642)
at java.base/java.lang.Thread.run(Thread.java:1589)
... Removed 21 stack frames]]>
    </failure>
  </testcase> <!-- loginValidations -->
</testsuite> <!-- Error Validation Test -->
